-------------------------------------------------------------------------------
Test set: sfgpetclinic.Spring501SfgPetClinicApplicationTests
-------------------------------------------------------------------------------
Tests run: 1, Failures: 0, Errors: 1, Skipped: 0, Time elapsed: 0.138 s <<< FAILURE! - in sfgpetclinic.Spring501SfgPetClinicApplicationTests
sfgpetclinic.Spring501SfgPetClinicApplicationTests  Time elapsed: 0.138 s  <<< ERROR!
java.lang.IllegalStateException: Unable to find a @SpringBootConfiguration, you need to use @ContextConfiguration or @SpringBootTest(classes=...) with your test

